[     151ms] [INFO] %cDownload the React DevTools for a better development experience: https://reactjs.org/link/react-devtools font-weight:bold @ http://localhost:6006/node_modules/.cache/storybook/10.4.6/1c3385a5d25e538d10b518b310c74d3ca2690b6aaffeadccd74da79736171f86/sb-vite/deps/chunk-QT2YHWEP.js?v=fde11e2a:21550
[     178ms] [WARNING] {msg: An error has occurred checking the feature gate. Only the first occurrence of this error is logged., gateName: platform-component-visual-refresh, error: Error: Client must be initialized before using this method
    at Client2.assertInitialized (http:/…} @ http://localhost:6006/node_modules/.cache/storybook/10.4.6/1c3385a5d25e538d10b518b310c74d3ca2690b6aaffeadccd74da79736171f86/sb-vite/deps/chunk-BHUYHJCR.js?v=fde11e2a:5813
[  149151ms] [LOG] [vite] server connection lost. Polling for restart... @ http://localhost:6006/@vite/client:555
[  149152ms] [ERROR] Failed to load resource: net::ERR_CONNECTION_REFUSED @ http://localhost:6006/:0
[  150155ms] [ERROR] Failed to load resource: net::ERR_CONNECTION_REFUSED @ http://localhost:6006/:0
[  151159ms] [ERROR] Failed to load resource: net::ERR_CONNECTION_REFUSED @ http://localhost:6006/:0
[  152162ms] [ERROR] Failed to load resource: net::ERR_CONNECTION_REFUSED @ http://localhost:6006/:0
[  153165ms] [ERROR] Failed to load resource: net::ERR_CONNECTION_REFUSED @ http://localhost:6006/:0
[  154170ms] [ERROR] Failed to load resource: net::ERR_CONNECTION_REFUSED @ http://localhost:6006/:0
[  155172ms] [ERROR] Failed to load resource: net::ERR_CONNECTION_REFUSED @ http://localhost:6006/:0
[  156176ms] [ERROR] Failed to load resource: net::ERR_CONNECTION_REFUSED @ http://localhost:6006/:0
[  157178ms] [ERROR] Failed to load resource: net::ERR_CONNECTION_REFUSED @ http://localhost:6006/:0
[  158181ms] [ERROR] Failed to load resource: net::ERR_CONNECTION_REFUSED @ http://localhost:6006/:0
[  159185ms] [ERROR] Failed to load resource: net::ERR_CONNECTION_REFUSED @ http://localhost:6006/:0
[  160189ms] [ERROR] Failed to load resource: net::ERR_CONNECTION_REFUSED @ http://localhost:6006/:0
[  161192ms] [ERROR] Failed to load resource: net::ERR_CONNECTION_REFUSED @ http://localhost:6006/:0
[  162194ms] [ERROR] Failed to load resource: net::ERR_CONNECTION_REFUSED @ http://localhost:6006/:0
[  163197ms] [ERROR] Failed to load resource: net::ERR_CONNECTION_REFUSED @ http://localhost:6006/:0
[  164199ms] [ERROR] Failed to load resource: net::ERR_CONNECTION_REFUSED @ http://localhost:6006/:0
[  165202ms] [ERROR] Failed to load resource: net::ERR_CONNECTION_REFUSED @ http://localhost:6006/:0
[  166204ms] [ERROR] Failed to load resource: net::ERR_CONNECTION_REFUSED @ http://localhost:6006/:0
[  167207ms] [ERROR] Failed to load resource: net::ERR_CONNECTION_REFUSED @ http://localhost:6006/:0
[  168209ms] [ERROR] Failed to load resource: net::ERR_CONNECTION_REFUSED @ http://localhost:6006/:0
[  169211ms] [ERROR] Failed to load resource: net::ERR_CONNECTION_REFUSED @ http://localhost:6006/:0
[  170214ms] [ERROR] Failed to load resource: net::ERR_CONNECTION_REFUSED @ http://localhost:6006/:0
[  171217ms] [ERROR] Failed to load resource: net::ERR_CONNECTION_REFUSED @ http://localhost:6006/:0
[  172220ms] [ERROR] Failed to load resource: net::ERR_CONNECTION_REFUSED @ http://localhost:6006/:0
[  173224ms] [ERROR] Failed to load resource: net::ERR_CONNECTION_REFUSED @ http://localhost:6006/:0
[  174227ms] [ERROR] Failed to load resource: net::ERR_CONNECTION_REFUSED @ http://localhost:6006/:0
[  175230ms] [ERROR] Failed to load resource: net::ERR_CONNECTION_REFUSED @ http://localhost:6006/:0
[  176234ms] [ERROR] Failed to load resource: net::ERR_CONNECTION_REFUSED @ http://localhost:6006/:0
[  177237ms] [ERROR] Failed to load resource: net::ERR_CONNECTION_REFUSED @ http://localhost:6006/:0
[  178241ms] [ERROR] Failed to load resource: net::ERR_CONNECTION_REFUSED @ http://localhost:6006/:0
[  179244ms] [ERROR] Failed to load resource: net::ERR_CONNECTION_REFUSED @ http://localhost:6006/:0
[  180245ms] [ERROR] Failed to load resource: net::ERR_CONNECTION_REFUSED @ http://localhost:6006/:0
[  181248ms] [ERROR] Failed to load resource: net::ERR_CONNECTION_REFUSED @ http://localhost:6006/:0
[  182249ms] [ERROR] Failed to load resource: net::ERR_CONNECTION_REFUSED @ http://localhost:6006/:0
[  183252ms] [ERROR] Failed to load resource: net::ERR_CONNECTION_REFUSED @ http://localhost:6006/:0
[  184254ms] [ERROR] Failed to load resource: net::ERR_CONNECTION_REFUSED @ http://localhost:6006/:0
[  185256ms] [ERROR] Failed to load resource: net::ERR_CONNECTION_REFUSED @ http://localhost:6006/:0
[  186259ms] [ERROR] Failed to load resource: net::ERR_CONNECTION_REFUSED @ http://localhost:6006/:0
[  187261ms] [ERROR] Failed to load resource: net::ERR_CONNECTION_REFUSED @ http://localhost:6006/:0
[  188263ms] [ERROR] Failed to load resource: net::ERR_CONNECTION_REFUSED @ http://localhost:6006/:0
[  189265ms] [ERROR] Failed to load resource: net::ERR_CONNECTION_REFUSED @ http://localhost:6006/:0
[  190268ms] [ERROR] Failed to load resource: net::ERR_CONNECTION_REFUSED @ http://localhost:6006/:0
[  191270ms] [ERROR] Failed to load resource: net::ERR_CONNECTION_REFUSED @ http://localhost:6006/:0
[  192272ms] [ERROR] Failed to load resource: net::ERR_CONNECTION_REFUSED @ http://localhost:6006/:0
[  193274ms] [ERROR] Failed to load resource: net::ERR_CONNECTION_REFUSED @ http://localhost:6006/:0
[  194278ms] [ERROR] Failed to load resource: net::ERR_CONNECTION_REFUSED @ http://localhost:6006/:0
[  195280ms] [ERROR] Failed to load resource: net::ERR_CONNECTION_REFUSED @ http://localhost:6006/:0
[  196282ms] [ERROR] Failed to load resource: net::ERR_CONNECTION_REFUSED @ http://localhost:6006/:0
[  197285ms] [ERROR] Failed to load resource: net::ERR_CONNECTION_REFUSED @ http://localhost:6006/:0
[  198288ms] [ERROR] Failed to load resource: net::ERR_CONNECTION_REFUSED @ http://localhost:6006/:0
[  199292ms] [ERROR] Failed to load resource: net::ERR_CONNECTION_REFUSED @ http://localhost:6006/:0
[  200296ms] [ERROR] Failed to load resource: net::ERR_CONNECTION_REFUSED @ http://localhost:6006/:0
[  201299ms] [ERROR] Failed to load resource: net::ERR_CONNECTION_REFUSED @ http://localhost:6006/:0
[  202304ms] [ERROR] Failed to load resource: net::ERR_CONNECTION_REFUSED @ http://localhost:6006/:0
[  203308ms] [ERROR] Failed to load resource: net::ERR_CONNECTION_REFUSED @ http://localhost:6006/:0
[  204311ms] [ERROR] Failed to load resource: net::ERR_CONNECTION_REFUSED @ http://localhost:6006/:0
[  205315ms] [ERROR] Failed to load resource: net::ERR_CONNECTION_REFUSED @ http://localhost:6006/:0
[  206318ms] [ERROR] Failed to load resource: net::ERR_CONNECTION_REFUSED @ http://localhost:6006/:0
[  207322ms] [ERROR] Failed to load resource: net::ERR_CONNECTION_REFUSED @ http://localhost:6006/:0
[  208324ms] [ERROR] Failed to load resource: net::ERR_CONNECTION_REFUSED @ http://localhost:6006/:0
[  209327ms] [ERROR] Failed to load resource: net::ERR_CONNECTION_REFUSED @ http://localhost:6006/:0
[  210331ms] [ERROR] Failed to load resource: net::ERR_CONNECTION_REFUSED @ http://localhost:6006/:0
[  211334ms] [ERROR] Failed to load resource: net::ERR_CONNECTION_REFUSED @ http://localhost:6006/:0
[  212337ms] [ERROR] Failed to load resource: net::ERR_CONNECTION_REFUSED @ http://localhost:6006/:0
[  213341ms] [ERROR] Failed to load resource: net::ERR_CONNECTION_REFUSED @ http://localhost:6006/:0
[  214345ms] [ERROR] Failed to load resource: net::ERR_CONNECTION_REFUSED @ http://localhost:6006/:0
[  215348ms] [ERROR] Failed to load resource: net::ERR_CONNECTION_REFUSED @ http://localhost:6006/:0
[  216350ms] [ERROR] Failed to load resource: net::ERR_CONNECTION_REFUSED @ http://localhost:6006/:0
[  217353ms] [ERROR] Failed to load resource: net::ERR_CONNECTION_REFUSED @ http://localhost:6006/:0
[  218357ms] [ERROR] Failed to load resource: net::ERR_CONNECTION_REFUSED @ http://localhost:6006/:0
[  219360ms] [ERROR] Failed to load resource: net::ERR_CONNECTION_REFUSED @ http://localhost:6006/:0
[  220361ms] [ERROR] Failed to load resource: net::ERR_CONNECTION_REFUSED @ http://localhost:6006/:0
[  221365ms] [ERROR] Failed to load resource: net::ERR_CONNECTION_REFUSED @ http://localhost:6006/:0
[  222368ms] [ERROR] Failed to load resource: net::ERR_CONNECTION_REFUSED @ http://localhost:6006/:0
[  223370ms] [ERROR] Failed to load resource: net::ERR_CONNECTION_REFUSED @ http://localhost:6006/:0
[  224374ms] [ERROR] Failed to load resource: net::ERR_CONNECTION_REFUSED @ http://localhost:6006/:0
[  225378ms] [ERROR] Failed to load resource: net::ERR_CONNECTION_REFUSED @ http://localhost:6006/:0
[  226382ms] [ERROR] Failed to load resource: net::ERR_CONNECTION_REFUSED @ http://localhost:6006/:0
[  227384ms] [ERROR] Failed to load resource: net::ERR_CONNECTION_REFUSED @ http://localhost:6006/:0
[  228387ms] [ERROR] Failed to load resource: net::ERR_CONNECTION_REFUSED @ http://localhost:6006/:0
[  229389ms] [ERROR] Failed to load resource: net::ERR_CONNECTION_REFUSED @ http://localhost:6006/:0
[  230392ms] [ERROR] Failed to load resource: net::ERR_CONNECTION_REFUSED @ http://localhost:6006/:0
[  231395ms] [ERROR] Failed to load resource: net::ERR_CONNECTION_REFUSED @ http://localhost:6006/:0
[  232398ms] [ERROR] Failed to load resource: net::ERR_CONNECTION_REFUSED @ http://localhost:6006/:0
[  233402ms] [ERROR] Failed to load resource: net::ERR_CONNECTION_REFUSED @ http://localhost:6006/:0
[  234406ms] [ERROR] Failed to load resource: net::ERR_CONNECTION_REFUSED @ http://localhost:6006/:0
[  235410ms] [ERROR] Failed to load resource: net::ERR_CONNECTION_REFUSED @ http://localhost:6006/:0
[  236412ms] [ERROR] Failed to load resource: net::ERR_CONNECTION_REFUSED @ http://localhost:6006/:0
[  237416ms] [ERROR] Failed to load resource: net::ERR_CONNECTION_REFUSED @ http://localhost:6006/:0
[  238419ms] [ERROR] Failed to load resource: net::ERR_CONNECTION_REFUSED @ http://localhost:6006/:0
[  239422ms] [ERROR] Failed to load resource: net::ERR_CONNECTION_REFUSED @ http://localhost:6006/:0
[  240426ms] [ERROR] Failed to load resource: net::ERR_CONNECTION_REFUSED @ http://localhost:6006/:0
[  241428ms] [ERROR] Failed to load resource: net::ERR_CONNECTION_REFUSED @ http://localhost:6006/:0
[  242430ms] [ERROR] Failed to load resource: net::ERR_CONNECTION_REFUSED @ http://localhost:6006/:0
[  243434ms] [ERROR] Failed to load resource: net::ERR_CONNECTION_REFUSED @ http://localhost:6006/:0
[  244438ms] [ERROR] Failed to load resource: net::ERR_CONNECTION_REFUSED @ http://localhost:6006/:0
[  245441ms] [ERROR] Failed to load resource: net::ERR_CONNECTION_REFUSED @ http://localhost:6006/:0
[  246445ms] [ERROR] Failed to load resource: net::ERR_CONNECTION_REFUSED @ http://localhost:6006/:0
[  247448ms] [ERROR] Failed to load resource: net::ERR_CONNECTION_REFUSED @ http://localhost:6006/:0
[  248452ms] [ERROR] Failed to load resource: net::ERR_CONNECTION_REFUSED @ http://localhost:6006/:0
[  249456ms] [ERROR] Failed to load resource: net::ERR_CONNECTION_REFUSED @ http://localhost:6006/:0
[  250459ms] [ERROR] Failed to load resource: net::ERR_CONNECTION_REFUSED @ http://localhost:6006/:0
[  251462ms] [ERROR] Failed to load resource: net::ERR_CONNECTION_REFUSED @ http://localhost:6006/:0
[  252465ms] [ERROR] Failed to load resource: net::ERR_CONNECTION_REFUSED @ http://localhost:6006/:0
[  253469ms] [ERROR] Failed to load resource: net::ERR_CONNECTION_REFUSED @ http://localhost:6006/:0
[  254473ms] [ERROR] Failed to load resource: net::ERR_CONNECTION_REFUSED @ http://localhost:6006/:0
[  255477ms] [ERROR] Failed to load resource: net::ERR_CONNECTION_REFUSED @ http://localhost:6006/:0
[  256481ms] [ERROR] Failed to load resource: net::ERR_CONNECTION_REFUSED @ http://localhost:6006/:0
[  257483ms] [ERROR] Failed to load resource: net::ERR_CONNECTION_REFUSED @ http://localhost:6006/:0
[  258487ms] [ERROR] Failed to load resource: net::ERR_CONNECTION_REFUSED @ http://localhost:6006/:0
[  259491ms] [ERROR] Failed to load resource: net::ERR_CONNECTION_REFUSED @ http://localhost:6006/:0
[  260494ms] [ERROR] Failed to load resource: net::ERR_CONNECTION_REFUSED @ http://localhost:6006/:0
[  261498ms] [ERROR] Failed to load resource: net::ERR_CONNECTION_REFUSED @ http://localhost:6006/:0
[  262500ms] [ERROR] Failed to load resource: net::ERR_CONNECTION_REFUSED @ http://localhost:6006/:0
[  263504ms] [ERROR] Failed to load resource: net::ERR_CONNECTION_REFUSED @ http://localhost:6006/:0
[  264507ms] [ERROR] Failed to load resource: net::ERR_CONNECTION_REFUSED @ http://localhost:6006/:0
[  265510ms] [ERROR] Failed to load resource: net::ERR_CONNECTION_REFUSED @ http://localhost:6006/:0
[  266514ms] [ERROR] Failed to load resource: net::ERR_CONNECTION_REFUSED @ http://localhost:6006/:0
[  267517ms] [ERROR] Failed to load resource: net::ERR_CONNECTION_REFUSED @ http://localhost:6006/:0
[  268520ms] [ERROR] Failed to load resource: net::ERR_CONNECTION_REFUSED @ http://localhost:6006/:0
[  269523ms] [ERROR] Failed to load resource: net::ERR_CONNECTION_REFUSED @ http://localhost:6006/:0
[  270525ms] [ERROR] Failed to load resource: net::ERR_CONNECTION_REFUSED @ http://localhost:6006/:0
[  271527ms] [ERROR] Failed to load resource: net::ERR_CONNECTION_REFUSED @ http://localhost:6006/:0
[  272531ms] [ERROR] Failed to load resource: net::ERR_CONNECTION_REFUSED @ http://localhost:6006/:0
[  273535ms] [ERROR] Failed to load resource: net::ERR_CONNECTION_REFUSED @ http://localhost:6006/:0
[  274537ms] [ERROR] Failed to load resource: net::ERR_CONNECTION_REFUSED @ http://localhost:6006/:0
[  275539ms] [ERROR] Failed to load resource: net::ERR_CONNECTION_REFUSED @ http://localhost:6006/:0
[  276542ms] [ERROR] Failed to load resource: net::ERR_CONNECTION_REFUSED @ http://localhost:6006/:0
[  277544ms] [ERROR] Failed to load resource: net::ERR_CONNECTION_REFUSED @ http://localhost:6006/:0
[  278547ms] [ERROR] Failed to load resource: net::ERR_CONNECTION_REFUSED @ http://localhost:6006/:0
[  279551ms] [ERROR] Failed to load resource: net::ERR_CONNECTION_REFUSED @ http://localhost:6006/:0
[  280554ms] [ERROR] Failed to load resource: net::ERR_CONNECTION_REFUSED @ http://localhost:6006/:0
[  281557ms] [ERROR] Failed to load resource: net::ERR_CONNECTION_REFUSED @ http://localhost:6006/:0
[  282561ms] [ERROR] Failed to load resource: net::ERR_CONNECTION_REFUSED @ http://localhost:6006/:0
[  283564ms] [ERROR] Failed to load resource: net::ERR_CONNECTION_REFUSED @ http://localhost:6006/:0
[  284567ms] [ERROR] Failed to load resource: net::ERR_CONNECTION_REFUSED @ http://localhost:6006/:0
[  285571ms] [ERROR] Failed to load resource: net::ERR_CONNECTION_REFUSED @ http://localhost:6006/:0
[  286575ms] [ERROR] Failed to load resource: net::ERR_CONNECTION_REFUSED @ http://localhost:6006/:0
[  287579ms] [ERROR] Failed to load resource: net::ERR_CONNECTION_REFUSED @ http://localhost:6006/:0
[  288583ms] [ERROR] Failed to load resource: net::ERR_CONNECTION_REFUSED @ http://localhost:6006/:0
[  289585ms] [ERROR] Failed to load resource: net::ERR_CONNECTION_REFUSED @ http://localhost:6006/:0
[  290589ms] [ERROR] Failed to load resource: net::ERR_CONNECTION_REFUSED @ http://localhost:6006/:0
[  291593ms] [ERROR] Failed to load resource: net::ERR_CONNECTION_REFUSED @ http://localhost:6006/:0
[  292597ms] [ERROR] Failed to load resource: net::ERR_CONNECTION_REFUSED @ http://localhost:6006/:0
[  293601ms] [ERROR] Failed to load resource: net::ERR_CONNECTION_REFUSED @ http://localhost:6006/:0
[  294605ms] [ERROR] Failed to load resource: net::ERR_CONNECTION_REFUSED @ http://localhost:6006/:0
[  295607ms] [ERROR] Failed to load resource: net::ERR_CONNECTION_REFUSED @ http://localhost:6006/:0
[  296611ms] [ERROR] Failed to load resource: net::ERR_CONNECTION_REFUSED @ http://localhost:6006/:0
[  297614ms] [ERROR] Failed to load resource: net::ERR_CONNECTION_REFUSED @ http://localhost:6006/:0
[  298618ms] [ERROR] Failed to load resource: net::ERR_CONNECTION_REFUSED @ http://localhost:6006/:0
[  299619ms] [ERROR] Failed to load resource: net::ERR_CONNECTION_REFUSED @ http://localhost:6006/:0
[  300622ms] [ERROR] Failed to load resource: net::ERR_CONNECTION_REFUSED @ http://localhost:6006/:0
[  301625ms] [ERROR] Failed to load resource: net::ERR_CONNECTION_REFUSED @ http://localhost:6006/:0
[  302629ms] [ERROR] Failed to load resource: net::ERR_CONNECTION_REFUSED @ http://localhost:6006/:0
[  303633ms] [ERROR] Failed to load resource: net::ERR_CONNECTION_REFUSED @ http://localhost:6006/:0
[  304637ms] [ERROR] Failed to load resource: net::ERR_CONNECTION_REFUSED @ http://localhost:6006/:0
[  305641ms] [ERROR] Failed to load resource: net::ERR_CONNECTION_REFUSED @ http://localhost:6006/:0
[  306645ms] [ERROR] Failed to load resource: net::ERR_CONNECTION_REFUSED @ http://localhost:6006/:0
[  307649ms] [ERROR] Failed to load resource: net::ERR_CONNECTION_REFUSED @ http://localhost:6006/:0
[  308653ms] [ERROR] Failed to load resource: net::ERR_CONNECTION_REFUSED @ http://localhost:6006/:0
[  309656ms] [ERROR] Failed to load resource: net::ERR_CONNECTION_REFUSED @ http://localhost:6006/:0
[  310660ms] [ERROR] Failed to load resource: net::ERR_CONNECTION_REFUSED @ http://localhost:6006/:0
[  311663ms] [ERROR] Failed to load resource: net::ERR_CONNECTION_REFUSED @ http://localhost:6006/:0
[  312665ms] [ERROR] Failed to load resource: net::ERR_CONNECTION_REFUSED @ http://localhost:6006/:0
[  313669ms] [ERROR] Failed to load resource: net::ERR_CONNECTION_REFUSED @ http://localhost:6006/:0
[  314673ms] [ERROR] Failed to load resource: net::ERR_CONNECTION_REFUSED @ http://localhost:6006/:0
[  315677ms] [ERROR] Failed to load resource: net::ERR_CONNECTION_REFUSED @ http://localhost:6006/:0
[  316681ms] [ERROR] Failed to load resource: net::ERR_CONNECTION_REFUSED @ http://localhost:6006/:0
[  317685ms] [ERROR] Failed to load resource: net::ERR_CONNECTION_REFUSED @ http://localhost:6006/:0
[  318688ms] [ERROR] Failed to load resource: net::ERR_CONNECTION_REFUSED @ http://localhost:6006/:0
[  319691ms] [ERROR] Failed to load resource: net::ERR_CONNECTION_REFUSED @ http://localhost:6006/:0
[  320693ms] [ERROR] Failed to load resource: net::ERR_CONNECTION_REFUSED @ http://localhost:6006/:0
[  321696ms] [ERROR] Failed to load resource: net::ERR_CONNECTION_REFUSED @ http://localhost:6006/:0
[  322699ms] [ERROR] Failed to load resource: net::ERR_CONNECTION_REFUSED @ http://localhost:6006/:0
[  323703ms] [ERROR] Failed to load resource: net::ERR_CONNECTION_REFUSED @ http://localhost:6006/:0
[  324706ms] [ERROR] Failed to load resource: net::ERR_CONNECTION_REFUSED @ http://localhost:6006/:0
[  325710ms] [ERROR] Failed to load resource: net::ERR_CONNECTION_REFUSED @ http://localhost:6006/:0
[  326714ms] [ERROR] Failed to load resource: net::ERR_CONNECTION_REFUSED @ http://localhost:6006/:0
[  327718ms] [ERROR] Failed to load resource: net::ERR_CONNECTION_REFUSED @ http://localhost:6006/:0
[  328773ms] [ERROR] Failed to load resource: net::ERR_CONNECTION_REFUSED @ http://localhost:6006/:0
[  329777ms] [ERROR] Failed to load resource: net::ERR_CONNECTION_REFUSED @ http://localhost:6006/:0
[  330781ms] [ERROR] Failed to load resource: net::ERR_CONNECTION_REFUSED @ http://localhost:6006/:0
[  331784ms] [ERROR] Failed to load resource: net::ERR_CONNECTION_REFUSED @ http://localhost:6006/:0
[  332787ms] [ERROR] Failed to load resource: net::ERR_CONNECTION_REFUSED @ http://localhost:6006/:0
[  333789ms] [ERROR] Failed to load resource: net::ERR_CONNECTION_REFUSED @ http://localhost:6006/:0
[  334792ms] [ERROR] Failed to load resource: net::ERR_CONNECTION_REFUSED @ http://localhost:6006/:0
[  335794ms] [ERROR] Failed to load resource: net::ERR_CONNECTION_REFUSED @ http://localhost:6006/:0
[  336797ms] [ERROR] Failed to load resource: net::ERR_CONNECTION_REFUSED @ http://localhost:6006/:0
[  337801ms] [ERROR] Failed to load resource: net::ERR_CONNECTION_REFUSED @ http://localhost:6006/:0
[  338805ms] [ERROR] Failed to load resource: net::ERR_CONNECTION_REFUSED @ http://localhost:6006/:0
[  339808ms] [ERROR] Failed to load resource: net::ERR_CONNECTION_REFUSED @ http://localhost:6006/:0
[  340813ms] [ERROR] Failed to load resource: net::ERR_CONNECTION_REFUSED @ http://localhost:6006/:0
[  341816ms] [ERROR] Failed to load resource: net::ERR_CONNECTION_REFUSED @ http://localhost:6006/:0
[  342820ms] [ERROR] Failed to load resource: net::ERR_CONNECTION_REFUSED @ http://localhost:6006/:0
[  343824ms] [ERROR] Failed to load resource: net::ERR_CONNECTION_REFUSED @ http://localhost:6006/:0
[  344828ms] [ERROR] Failed to load resource: net::ERR_CONNECTION_REFUSED @ http://localhost:6006/:0
[  345832ms] [ERROR] Failed to load resource: net::ERR_CONNECTION_REFUSED @ http://localhost:6006/:0
[  346836ms] [ERROR] Failed to load resource: net::ERR_CONNECTION_REFUSED @ http://localhost:6006/:0
[  347838ms] [ERROR] Failed to load resource: net::ERR_CONNECTION_REFUSED @ http://localhost:6006/:0
[  348841ms] [ERROR] Failed to load resource: net::ERR_CONNECTION_REFUSED @ http://localhost:6006/:0
[  349843ms] [ERROR] Failed to load resource: net::ERR_CONNECTION_REFUSED @ http://localhost:6006/:0
[  350847ms] [ERROR] Failed to load resource: net::ERR_CONNECTION_REFUSED @ http://localhost:6006/:0
[  351851ms] [ERROR] Failed to load resource: net::ERR_CONNECTION_REFUSED @ http://localhost:6006/:0
[  352855ms] [ERROR] Failed to load resource: net::ERR_CONNECTION_REFUSED @ http://localhost:6006/:0
[  353857ms] [ERROR] Failed to load resource: net::ERR_CONNECTION_REFUSED @ http://localhost:6006/:0
[  354860ms] [ERROR] Failed to load resource: net::ERR_CONNECTION_REFUSED @ http://localhost:6006/:0
[  355863ms] [ERROR] Failed to load resource: net::ERR_CONNECTION_REFUSED @ http://localhost:6006/:0
[  356865ms] [ERROR] Failed to load resource: net::ERR_CONNECTION_REFUSED @ http://localhost:6006/:0
[  357868ms] [ERROR] Failed to load resource: net::ERR_CONNECTION_REFUSED @ http://localhost:6006/:0
[  358873ms] [ERROR] Failed to load resource: net::ERR_CONNECTION_REFUSED @ http://localhost:6006/:0
[  359877ms] [ERROR] Failed to load resource: net::ERR_CONNECTION_REFUSED @ http://localhost:6006/:0
[  360880ms] [ERROR] Failed to load resource: net::ERR_CONNECTION_REFUSED @ http://localhost:6006/:0
[  361884ms] [ERROR] Failed to load resource: net::ERR_CONNECTION_REFUSED @ http://localhost:6006/:0
[  362887ms] [ERROR] Failed to load resource: net::ERR_CONNECTION_REFUSED @ http://localhost:6006/:0
[  363890ms] [ERROR] Failed to load resource: net::ERR_CONNECTION_REFUSED @ http://localhost:6006/:0
[  364892ms] [ERROR] Failed to load resource: net::ERR_CONNECTION_REFUSED @ http://localhost:6006/:0
[  365894ms] [ERROR] Failed to load resource: net::ERR_CONNECTION_REFUSED @ http://localhost:6006/:0
[  366897ms] [ERROR] Failed to load resource: net::ERR_CONNECTION_REFUSED @ http://localhost:6006/:0
[  367900ms] [ERROR] Failed to load resource: net::ERR_CONNECTION_REFUSED @ http://localhost:6006/:0
[  368904ms] [ERROR] Failed to load resource: net::ERR_CONNECTION_REFUSED @ http://localhost:6006/:0
[  369907ms] [ERROR] Failed to load resource: net::ERR_CONNECTION_REFUSED @ http://localhost:6006/:0
[  370909ms] [ERROR] Failed to load resource: net::ERR_CONNECTION_REFUSED @ http://localhost:6006/:0
[  371913ms] [ERROR] Failed to load resource: net::ERR_CONNECTION_REFUSED @ http://localhost:6006/:0
[  372917ms] [ERROR] Failed to load resource: net::ERR_CONNECTION_REFUSED @ http://localhost:6006/:0
[  373920ms] [ERROR] Failed to load resource: net::ERR_CONNECTION_REFUSED @ http://localhost:6006/:0
[  374922ms] [ERROR] Failed to load resource: net::ERR_CONNECTION_REFUSED @ http://localhost:6006/:0
[  375926ms] [ERROR] Failed to load resource: net::ERR_CONNECTION_REFUSED @ http://localhost:6006/:0
[  376930ms] [ERROR] Failed to load resource: net::ERR_CONNECTION_REFUSED @ http://localhost:6006/:0
[  377933ms] [ERROR] Failed to load resource: net::ERR_CONNECTION_REFUSED @ http://localhost:6006/:0
[  378936ms] [ERROR] Failed to load resource: net::ERR_CONNECTION_REFUSED @ http://localhost:6006/:0
[  379939ms] [ERROR] Failed to load resource: net::ERR_CONNECTION_REFUSED @ http://localhost:6006/:0
[  380943ms] [ERROR] Failed to load resource: net::ERR_CONNECTION_REFUSED @ http://localhost:6006/:0
[  381947ms] [ERROR] Failed to load resource: net::ERR_CONNECTION_REFUSED @ http://localhost:6006/:0
[  382951ms] [ERROR] Failed to load resource: net::ERR_CONNECTION_REFUSED @ http://localhost:6006/:0
[  383954ms] [ERROR] Failed to load resource: net::ERR_CONNECTION_REFUSED @ http://localhost:6006/:0
[  384957ms] [ERROR] Failed to load resource: net::ERR_CONNECTION_REFUSED @ http://localhost:6006/:0
[  385961ms] [ERROR] Failed to load resource: net::ERR_CONNECTION_REFUSED @ http://localhost:6006/:0
[  386964ms] [ERROR] Failed to load resource: net::ERR_CONNECTION_REFUSED @ http://localhost:6006/:0
[  387967ms] [ERROR] Failed to load resource: net::ERR_CONNECTION_REFUSED @ http://localhost:6006/:0
[  388970ms] [ERROR] Failed to load resource: net::ERR_CONNECTION_REFUSED @ http://localhost:6006/:0
[  389974ms] [ERROR] Failed to load resource: net::ERR_CONNECTION_REFUSED @ http://localhost:6006/:0
[  390975ms] [ERROR] Failed to load resource: net::ERR_CONNECTION_REFUSED @ http://localhost:6006/:0
[  391979ms] [ERROR] Failed to load resource: net::ERR_CONNECTION_REFUSED @ http://localhost:6006/:0
[  392982ms] [ERROR] Failed to load resource: net::ERR_CONNECTION_REFUSED @ http://localhost:6006/:0
[  393986ms] [ERROR] Failed to load resource: net::ERR_CONNECTION_REFUSED @ http://localhost:6006/:0
[  394988ms] [ERROR] Failed to load resource: net::ERR_CONNECTION_REFUSED @ http://localhost:6006/:0
[  395991ms] [ERROR] Failed to load resource: net::ERR_CONNECTION_REFUSED @ http://localhost:6006/:0
[  396995ms] [ERROR] Failed to load resource: net::ERR_CONNECTION_REFUSED @ http://localhost:6006/:0
[  397999ms] [ERROR] Failed to load resource: net::ERR_CONNECTION_REFUSED @ http://localhost:6006/:0
[  399003ms] [ERROR] Failed to load resource: net::ERR_CONNECTION_REFUSED @ http://localhost:6006/:0
[  400006ms] [ERROR] Failed to load resource: net::ERR_CONNECTION_REFUSED @ http://localhost:6006/:0
[  401008ms] [ERROR] Failed to load resource: net::ERR_CONNECTION_REFUSED @ http://localhost:6006/:0
[  402010ms] [ERROR] Failed to load resource: net::ERR_CONNECTION_REFUSED @ http://localhost:6006/:0
[  403012ms] [ERROR] Failed to load resource: net::ERR_CONNECTION_REFUSED @ http://localhost:6006/:0
[  404016ms] [ERROR] Failed to load resource: net::ERR_CONNECTION_REFUSED @ http://localhost:6006/:0
[  405018ms] [ERROR] Failed to load resource: net::ERR_CONNECTION_REFUSED @ http://localhost:6006/:0
[  406021ms] [ERROR] Failed to load resource: net::ERR_CONNECTION_REFUSED @ http://localhost:6006/:0
[  407025ms] [ERROR] Failed to load resource: net::ERR_CONNECTION_REFUSED @ http://localhost:6006/:0
[  408027ms] [ERROR] Failed to load resource: net::ERR_CONNECTION_REFUSED @ http://localhost:6006/:0
[  409031ms] [ERROR] Failed to load resource: net::ERR_CONNECTION_REFUSED @ http://localhost:6006/:0
[  410033ms] [ERROR] Failed to load resource: net::ERR_CONNECTION_REFUSED @ http://localhost:6006/:0
[  411036ms] [ERROR] Failed to load resource: net::ERR_CONNECTION_REFUSED @ http://localhost:6006/:0
[  412039ms] [ERROR] Failed to load resource: net::ERR_CONNECTION_REFUSED @ http://localhost:6006/:0
[  413043ms] [ERROR] Failed to load resource: net::ERR_CONNECTION_REFUSED @ http://localhost:6006/:0
[  414046ms] [ERROR] Failed to load resource: net::ERR_CONNECTION_REFUSED @ http://localhost:6006/:0
[  415050ms] [ERROR] Failed to load resource: net::ERR_CONNECTION_REFUSED @ http://localhost:6006/:0
[  416053ms] [ERROR] Failed to load resource: net::ERR_CONNECTION_REFUSED @ http://localhost:6006/:0
[  417055ms] [ERROR] Failed to load resource: net::ERR_CONNECTION_REFUSED @ http://localhost:6006/:0
[  418057ms] [ERROR] Failed to load resource: net::ERR_CONNECTION_REFUSED @ http://localhost:6006/:0
[  419059ms] [ERROR] Failed to load resource: net::ERR_CONNECTION_REFUSED @ http://localhost:6006/:0
[  420061ms] [ERROR] Failed to load resource: net::ERR_CONNECTION_REFUSED @ http://localhost:6006/:0
[  421064ms] [ERROR] Failed to load resource: net::ERR_CONNECTION_REFUSED @ http://localhost:6006/:0
[  422068ms] [ERROR] Failed to load resource: net::ERR_CONNECTION_REFUSED @ http://localhost:6006/:0
[  423072ms] [ERROR] Failed to load resource: net::ERR_CONNECTION_REFUSED @ http://localhost:6006/:0
[  424075ms] [ERROR] Failed to load resource: net::ERR_CONNECTION_REFUSED @ http://localhost:6006/:0
[  425078ms] [ERROR] Failed to load resource: net::ERR_CONNECTION_REFUSED @ http://localhost:6006/:0
[  426081ms] [ERROR] Failed to load resource: net::ERR_CONNECTION_REFUSED @ http://localhost:6006/:0
[  427084ms] [ERROR] Failed to load resource: net::ERR_CONNECTION_REFUSED @ http://localhost:6006/:0
[  428088ms] [ERROR] Failed to load resource: net::ERR_CONNECTION_REFUSED @ http://localhost:6006/:0
[  429091ms] [ERROR] Failed to load resource: net::ERR_CONNECTION_REFUSED @ http://localhost:6006/:0
[  430095ms] [ERROR] Failed to load resource: net::ERR_CONNECTION_REFUSED @ http://localhost:6006/:0
[  431098ms] [ERROR] Failed to load resource: net::ERR_CONNECTION_REFUSED @ http://localhost:6006/:0
[  432102ms] [ERROR] Failed to load resource: net::ERR_CONNECTION_REFUSED @ http://localhost:6006/:0
[  433106ms] [ERROR] Failed to load resource: net::ERR_CONNECTION_REFUSED @ http://localhost:6006/:0
[  434110ms] [ERROR] Failed to load resource: net::ERR_CONNECTION_REFUSED @ http://localhost:6006/:0
[  435114ms] [ERROR] Failed to load resource: net::ERR_CONNECTION_REFUSED @ http://localhost:6006/:0
[  436118ms] [ERROR] Failed to load resource: net::ERR_CONNECTION_REFUSED @ http://localhost:6006/:0
[  437122ms] [ERROR] Failed to load resource: net::ERR_CONNECTION_REFUSED @ http://localhost:6006/:0
[  438126ms] [ERROR] Failed to load resource: net::ERR_CONNECTION_REFUSED @ http://localhost:6006/:0
[  439130ms] [ERROR] Failed to load resource: net::ERR_CONNECTION_REFUSED @ http://localhost:6006/:0
[  440134ms] [ERROR] Failed to load resource: net::ERR_CONNECTION_REFUSED @ http://localhost:6006/:0
[  441138ms] [ERROR] Failed to load resource: net::ERR_CONNECTION_REFUSED @ http://localhost:6006/:0
[  442141ms] [ERROR] Failed to load resource: net::ERR_CONNECTION_REFUSED @ http://localhost:6006/:0
[  443144ms] [ERROR] Failed to load resource: net::ERR_CONNECTION_REFUSED @ http://localhost:6006/:0
[  444148ms] [ERROR] Failed to load resource: net::ERR_CONNECTION_REFUSED @ http://localhost:6006/:0
[  445152ms] [ERROR] Failed to load resource: net::ERR_CONNECTION_REFUSED @ http://localhost:6006/:0
[  446155ms] [ERROR] Failed to load resource: net::ERR_CONNECTION_REFUSED @ http://localhost:6006/:0
[  447158ms] [ERROR] Failed to load resource: net::ERR_CONNECTION_REFUSED @ http://localhost:6006/:0
[  448161ms] [ERROR] Failed to load resource: net::ERR_CONNECTION_REFUSED @ http://localhost:6006/:0
[  449164ms] [ERROR] Failed to load resource: net::ERR_CONNECTION_REFUSED @ http://localhost:6006/:0
[  450168ms] [ERROR] Failed to load resource: net::ERR_CONNECTION_REFUSED @ http://localhost:6006/:0
[  451172ms] [ERROR] Failed to load resource: net::ERR_CONNECTION_REFUSED @ http://localhost:6006/:0
[  452175ms] [ERROR] Failed to load resource: net::ERR_CONNECTION_REFUSED @ http://localhost:6006/:0
[  453178ms] [ERROR] Failed to load resource: net::ERR_CONNECTION_REFUSED @ http://localhost:6006/:0
[  454181ms] [ERROR] Failed to load resource: net::ERR_CONNECTION_REFUSED @ http://localhost:6006/:0
[  455185ms] [ERROR] Failed to load resource: net::ERR_CONNECTION_REFUSED @ http://localhost:6006/:0
[  456188ms] [ERROR] Failed to load resource: net::ERR_CONNECTION_REFUSED @ http://localhost:6006/:0
[  457191ms] [ERROR] Failed to load resource: net::ERR_CONNECTION_REFUSED @ http://localhost:6006/:0
[  458195ms] [ERROR] Failed to load resource: net::ERR_CONNECTION_REFUSED @ http://localhost:6006/:0
[  459197ms] [ERROR] Failed to load resource: net::ERR_CONNECTION_REFUSED @ http://localhost:6006/:0
[  460201ms] [ERROR] Failed to load resource: net::ERR_CONNECTION_REFUSED @ http://localhost:6006/:0
[  461204ms] [ERROR] Failed to load resource: net::ERR_CONNECTION_REFUSED @ http://localhost:6006/:0
[  462208ms] [ERROR] Failed to load resource: net::ERR_CONNECTION_REFUSED @ http://localhost:6006/:0
[  463211ms] [ERROR] Failed to load resource: net::ERR_CONNECTION_REFUSED @ http://localhost:6006/:0
[  464215ms] [ERROR] Failed to load resource: net::ERR_CONNECTION_REFUSED @ http://localhost:6006/:0
[  465217ms] [ERROR] Failed to load resource: net::ERR_CONNECTION_REFUSED @ http://localhost:6006/:0
[  466220ms] [ERROR] Failed to load resource: net::ERR_CONNECTION_REFUSED @ http://localhost:6006/:0
[  467224ms] [ERROR] Failed to load resource: net::ERR_CONNECTION_REFUSED @ http://localhost:6006/:0
[  468227ms] [ERROR] Failed to load resource: net::ERR_CONNECTION_REFUSED @ http://localhost:6006/:0
[  469230ms] [ERROR] Failed to load resource: net::ERR_CONNECTION_REFUSED @ http://localhost:6006/:0
[  470234ms] [ERROR] Failed to load resource: net::ERR_CONNECTION_REFUSED @ http://localhost:6006/:0
[  471237ms] [ERROR] Failed to load resource: net::ERR_CONNECTION_REFUSED @ http://localhost:6006/:0
[  472241ms] [ERROR] Failed to load resource: net::ERR_CONNECTION_REFUSED @ http://localhost:6006/:0
[  473243ms] [ERROR] Failed to load resource: net::ERR_CONNECTION_REFUSED @ http://localhost:6006/:0
[  474247ms] [ERROR] Failed to load resource: net::ERR_CONNECTION_REFUSED @ http://localhost:6006/:0
[  475251ms] [ERROR] Failed to load resource: net::ERR_CONNECTION_REFUSED @ http://localhost:6006/:0
[  476254ms] [ERROR] Failed to load resource: net::ERR_CONNECTION_REFUSED @ http://localhost:6006/:0
[  477258ms] [ERROR] Failed to load resource: net::ERR_CONNECTION_REFUSED @ http://localhost:6006/:0
[  478262ms] [ERROR] Failed to load resource: net::ERR_CONNECTION_REFUSED @ http://localhost:6006/:0
[  479265ms] [ERROR] Failed to load resource: net::ERR_CONNECTION_REFUSED @ http://localhost:6006/:0
[  480269ms] [ERROR] Failed to load resource: net::ERR_CONNECTION_REFUSED @ http://localhost:6006/:0
[  481272ms] [ERROR] Failed to load resource: net::ERR_CONNECTION_REFUSED @ http://localhost:6006/:0
[  482273ms] [ERROR] Failed to load resource: net::ERR_CONNECTION_REFUSED @ http://localhost:6006/:0
[  483276ms] [ERROR] Failed to load resource: net::ERR_CONNECTION_REFUSED @ http://localhost:6006/:0
[  484280ms] [ERROR] Failed to load resource: net::ERR_CONNECTION_REFUSED @ http://localhost:6006/:0
[  485284ms] [ERROR] Failed to load resource: net::ERR_CONNECTION_REFUSED @ http://localhost:6006/:0
[  486286ms] [ERROR] Failed to load resource: net::ERR_CONNECTION_REFUSED @ http://localhost:6006/:0
[  487289ms] [ERROR] Failed to load resource: net::ERR_CONNECTION_REFUSED @ http://localhost:6006/:0
[  488293ms] [ERROR] Failed to load resource: net::ERR_CONNECTION_REFUSED @ http://localhost:6006/:0
[  489296ms] [ERROR] Failed to load resource: net::ERR_CONNECTION_REFUSED @ http://localhost:6006/:0
[  490300ms] [ERROR] Failed to load resource: net::ERR_CONNECTION_REFUSED @ http://localhost:6006/:0
[  491303ms] [ERROR] Failed to load resource: net::ERR_CONNECTION_REFUSED @ http://localhost:6006/:0
[  492306ms] [ERROR] Failed to load resource: net::ERR_CONNECTION_REFUSED @ http://localhost:6006/:0
[  493309ms] [ERROR] Failed to load resource: net::ERR_CONNECTION_REFUSED @ http://localhost:6006/:0
[  494313ms] [ERROR] Failed to load resource: net::ERR_CONNECTION_REFUSED @ http://localhost:6006/:0
[  495317ms] [ERROR] Failed to load resource: net::ERR_CONNECTION_REFUSED @ http://localhost:6006/:0
[  496318ms] [ERROR] Failed to load resource: net::ERR_CONNECTION_REFUSED @ http://localhost:6006/:0
[  497322ms] [ERROR] Failed to load resource: net::ERR_CONNECTION_REFUSED @ http://localhost:6006/:0
[  498326ms] [ERROR] Failed to load resource: net::ERR_CONNECTION_REFUSED @ http://localhost:6006/:0
[  499328ms] [ERROR] Failed to load resource: net::ERR_CONNECTION_REFUSED @ http://localhost:6006/:0
[  500331ms] [ERROR] Failed to load resource: net::ERR_CONNECTION_REFUSED @ http://localhost:6006/:0
[  501334ms] [ERROR] Failed to load resource: net::ERR_CONNECTION_REFUSED @ http://localhost:6006/:0
[  502338ms] [ERROR] Failed to load resource: net::ERR_CONNECTION_REFUSED @ http://localhost:6006/:0
[  503341ms] [ERROR] Failed to load resource: net::ERR_CONNECTION_REFUSED @ http://localhost:6006/:0
[  504345ms] [ERROR] Failed to load resource: net::ERR_CONNECTION_REFUSED @ http://localhost:6006/:0
[  505348ms] [ERROR] Failed to load resource: net::ERR_CONNECTION_REFUSED @ http://localhost:6006/:0
[  506352ms] [ERROR] Failed to load resource: net::ERR_CONNECTION_REFUSED @ http://localhost:6006/:0
[  507356ms] [ERROR] Failed to load resource: net::ERR_CONNECTION_REFUSED @ http://localhost:6006/:0
[  508360ms] [ERROR] Failed to load resource: net::ERR_CONNECTION_REFUSED @ http://localhost:6006/:0
[  509364ms] [ERROR] Failed to load resource: net::ERR_CONNECTION_REFUSED @ http://localhost:6006/:0
[  510367ms] [ERROR] Failed to load resource: net::ERR_CONNECTION_REFUSED @ http://localhost:6006/:0
[  511371ms] [ERROR] Failed to load resource: net::ERR_CONNECTION_REFUSED @ http://localhost:6006/:0
[  512374ms] [ERROR] Failed to load resource: net::ERR_CONNECTION_REFUSED @ http://localhost:6006/:0
[  513378ms] [ERROR] Failed to load resource: net::ERR_CONNECTION_REFUSED @ http://localhost:6006/:0
[  514380ms] [ERROR] Failed to load resource: net::ERR_CONNECTION_REFUSED @ http://localhost:6006/:0
[  515384ms] [ERROR] Failed to load resource: net::ERR_CONNECTION_REFUSED @ http://localhost:6006/:0
[  516388ms] [ERROR] Failed to load resource: net::ERR_CONNECTION_REFUSED @ http://localhost:6006/:0
[  517392ms] [ERROR] Failed to load resource: net::ERR_CONNECTION_REFUSED @ http://localhost:6006/:0
[  518394ms] [ERROR] Failed to load resource: net::ERR_CONNECTION_REFUSED @ http://localhost:6006/:0
[  519397ms] [ERROR] Failed to load resource: net::ERR_CONNECTION_REFUSED @ http://localhost:6006/:0
[  520401ms] [ERROR] Failed to load resource: net::ERR_CONNECTION_REFUSED @ http://localhost:6006/:0
[  521404ms] [ERROR] Failed to load resource: net::ERR_CONNECTION_REFUSED @ http://localhost:6006/:0
[  522408ms] [ERROR] Failed to load resource: net::ERR_CONNECTION_REFUSED @ http://localhost:6006/:0
[  523412ms] [ERROR] Failed to load resource: net::ERR_CONNECTION_REFUSED @ http://localhost:6006/:0
[  524415ms] [ERROR] Failed to load resource: net::ERR_CONNECTION_REFUSED @ http://localhost:6006/:0
[  525418ms] [ERROR] Failed to load resource: net::ERR_CONNECTION_REFUSED @ http://localhost:6006/:0
[  526421ms] [ERROR] Failed to load resource: net::ERR_CONNECTION_REFUSED @ http://localhost:6006/:0
[  527425ms] [ERROR] Failed to load resource: net::ERR_CONNECTION_REFUSED @ http://localhost:6006/:0
[  528429ms] [ERROR] Failed to load resource: net::ERR_CONNECTION_REFUSED @ http://localhost:6006/:0
[  529432ms] [ERROR] Failed to load resource: net::ERR_CONNECTION_REFUSED @ http://localhost:6006/:0
[  530436ms] [ERROR] Failed to load resource: net::ERR_CONNECTION_REFUSED @ http://localhost:6006/:0
[  531438ms] [ERROR] Failed to load resource: net::ERR_CONNECTION_REFUSED @ http://localhost:6006/:0
[  532441ms] [ERROR] Failed to load resource: net::ERR_CONNECTION_REFUSED @ http://localhost:6006/:0
[  533445ms] [ERROR] Failed to load resource: net::ERR_CONNECTION_REFUSED @ http://localhost:6006/:0
[  534449ms] [ERROR] Failed to load resource: net::ERR_CONNECTION_REFUSED @ http://localhost:6006/:0
[  535453ms] [ERROR] Failed to load resource: net::ERR_CONNECTION_REFUSED @ http://localhost:6006/:0
[  536456ms] [ERROR] Failed to load resource: net::ERR_CONNECTION_REFUSED @ http://localhost:6006/:0
[  537459ms] [ERROR] Failed to load resource: net::ERR_CONNECTION_REFUSED @ http://localhost:6006/:0
[  538463ms] [ERROR] Failed to load resource: net::ERR_CONNECTION_REFUSED @ http://localhost:6006/:0
[  539467ms] [ERROR] Failed to load resource: net::ERR_CONNECTION_REFUSED @ http://localhost:6006/:0
[  540471ms] [ERROR] Failed to load resource: net::ERR_CONNECTION_REFUSED @ http://localhost:6006/:0
[  541475ms] [ERROR] Failed to load resource: net::ERR_CONNECTION_REFUSED @ http://localhost:6006/:0
[  542479ms] [ERROR] Failed to load resource: net::ERR_CONNECTION_REFUSED @ http://localhost:6006/:0
[  543482ms] [ERROR] Failed to load resource: net::ERR_CONNECTION_REFUSED @ http://localhost:6006/:0
[  544486ms] [ERROR] Failed to load resource: net::ERR_CONNECTION_REFUSED @ http://localhost:6006/:0
[  545490ms] [ERROR] Failed to load resource: net::ERR_CONNECTION_REFUSED @ http://localhost:6006/:0
[  546493ms] [ERROR] Failed to load resource: net::ERR_CONNECTION_REFUSED @ http://localhost:6006/:0
[  547496ms] [ERROR] Failed to load resource: net::ERR_CONNECTION_REFUSED @ http://localhost:6006/:0
[  548500ms] [ERROR] Failed to load resource: net::ERR_CONNECTION_REFUSED @ http://localhost:6006/:0
[  549502ms] [ERROR] Failed to load resource: net::ERR_CONNECTION_REFUSED @ http://localhost:6006/:0
[  550505ms] [ERROR] Failed to load resource: net::ERR_CONNECTION_REFUSED @ http://localhost:6006/:0
[  551509ms] [ERROR] Failed to load resource: net::ERR_CONNECTION_REFUSED @ http://localhost:6006/:0
[  552512ms] [ERROR] Failed to load resource: net::ERR_CONNECTION_REFUSED @ http://localhost:6006/:0
[  553515ms] [ERROR] Failed to load resource: net::ERR_CONNECTION_REFUSED @ http://localhost:6006/:0
[  554518ms] [ERROR] Failed to load resource: net::ERR_CONNECTION_REFUSED @ http://localhost:6006/:0
[  555521ms] [ERROR] Failed to load resource: net::ERR_CONNECTION_REFUSED @ http://localhost:6006/:0
[  556524ms] [ERROR] Failed to load resource: net::ERR_CONNECTION_REFUSED @ http://localhost:6006/:0
[  557527ms] [ERROR] Failed to load resource: net::ERR_CONNECTION_REFUSED @ http://localhost:6006/:0
[  558530ms] [ERROR] Failed to load resource: net::ERR_CONNECTION_REFUSED @ http://localhost:6006/:0
[  559534ms] [ERROR] Failed to load resource: net::ERR_CONNECTION_REFUSED @ http://localhost:6006/:0
[  560536ms] [ERROR] Failed to load resource: net::ERR_CONNECTION_REFUSED @ http://localhost:6006/:0
[  561538ms] [ERROR] Failed to load resource: net::ERR_CONNECTION_REFUSED @ http://localhost:6006/:0
[  562542ms] [ERROR] Failed to load resource: net::ERR_CONNECTION_REFUSED @ http://localhost:6006/:0
[  563545ms] [ERROR] Failed to load resource: net::ERR_CONNECTION_REFUSED @ http://localhost:6006/:0
[  564549ms] [ERROR] Failed to load resource: net::ERR_CONNECTION_REFUSED @ http://localhost:6006/:0
[  565552ms] [ERROR] Failed to load resource: net::ERR_CONNECTION_REFUSED @ http://localhost:6006/:0
[  566556ms] [ERROR] Failed to load resource: net::ERR_CONNECTION_REFUSED @ http://localhost:6006/:0
[  567558ms] [ERROR] Failed to load resource: net::ERR_CONNECTION_REFUSED @ http://localhost:6006/:0
[  568561ms] [ERROR] Failed to load resource: net::ERR_CONNECTION_REFUSED @ http://localhost:6006/:0
[  569565ms] [ERROR] Failed to load resource: net::ERR_CONNECTION_REFUSED @ http://localhost:6006/:0
[  570569ms] [ERROR] Failed to load resource: net::ERR_CONNECTION_REFUSED @ http://localhost:6006/:0
[  571573ms] [ERROR] Failed to load resource: net::ERR_CONNECTION_REFUSED @ http://localhost:6006/:0
[  572575ms] [ERROR] Failed to load resource: net::ERR_CONNECTION_REFUSED @ http://localhost:6006/:0
[  573577ms] [ERROR] Failed to load resource: net::ERR_CONNECTION_REFUSED @ http://localhost:6006/:0
[  574580ms] [ERROR] Failed to load resource: net::ERR_CONNECTION_REFUSED @ http://localhost:6006/:0
[  575584ms] [ERROR] Failed to load resource: net::ERR_CONNECTION_REFUSED @ http://localhost:6006/:0
[  576586ms] [ERROR] Failed to load resource: net::ERR_CONNECTION_REFUSED @ http://localhost:6006/:0
[  577588ms] [ERROR] Failed to load resource: net::ERR_CONNECTION_REFUSED @ http://localhost:6006/:0
[  578591ms] [ERROR] Failed to load resource: net::ERR_CONNECTION_REFUSED @ http://localhost:6006/:0
[  579594ms] [ERROR] Failed to load resource: net::ERR_CONNECTION_REFUSED @ http://localhost:6006/:0
[  580597ms] [ERROR] Failed to load resource: net::ERR_CONNECTION_REFUSED @ http://localhost:6006/:0
[  581600ms] [ERROR] Failed to load resource: net::ERR_CONNECTION_REFUSED @ http://localhost:6006/:0
[  582604ms] [ERROR] Failed to load resource: net::ERR_CONNECTION_REFUSED @ http://localhost:6006/:0
[  583608ms] [ERROR] Failed to load resource: net::ERR_CONNECTION_REFUSED @ http://localhost:6006/:0
[  584611ms] [ERROR] Failed to load resource: net::ERR_CONNECTION_REFUSED @ http://localhost:6006/:0
[  585615ms] [ERROR] Failed to load resource: net::ERR_CONNECTION_REFUSED @ http://localhost:6006/:0
[  586618ms] [ERROR] Failed to load resource: net::ERR_CONNECTION_REFUSED @ http://localhost:6006/:0
[  587620ms] [ERROR] Failed to load resource: net::ERR_CONNECTION_REFUSED @ http://localhost:6006/:0
[  588624ms] [ERROR] Failed to load resource: net::ERR_CONNECTION_REFUSED @ http://localhost:6006/:0
[  589628ms] [ERROR] Failed to load resource: net::ERR_CONNECTION_REFUSED @ http://localhost:6006/:0
[  590631ms] [ERROR] Failed to load resource: net::ERR_CONNECTION_REFUSED @ http://localhost:6006/:0
[  591634ms] [ERROR] Failed to load resource: net::ERR_CONNECTION_REFUSED @ http://localhost:6006/:0
[  592637ms] [ERROR] Failed to load resource: net::ERR_CONNECTION_REFUSED @ http://localhost:6006/:0
[  593641ms] [ERROR] Failed to load resource: net::ERR_CONNECTION_REFUSED @ http://localhost:6006/:0
[  594644ms] [ERROR] Failed to load resource: net::ERR_CONNECTION_REFUSED @ http://localhost:6006/:0
[  595646ms] [ERROR] Failed to load resource: net::ERR_CONNECTION_REFUSED @ http://localhost:6006/:0
[  596650ms] [ERROR] Failed to load resource: net::ERR_CONNECTION_REFUSED @ http://localhost:6006/:0
[  597653ms] [ERROR] Failed to load resource: net::ERR_CONNECTION_REFUSED @ http://localhost:6006/:0
[  598656ms] [ERROR] Failed to load resource: net::ERR_CONNECTION_REFUSED @ http://localhost:6006/:0
[  599658ms] [ERROR] Failed to load resource: net::ERR_CONNECTION_REFUSED @ http://localhost:6006/:0
[  600661ms] [ERROR] Failed to load resource: net::ERR_CONNECTION_REFUSED @ http://localhost:6006/:0
[  601664ms] [ERROR] Failed to load resource: net::ERR_CONNECTION_REFUSED @ http://localhost:6006/:0
[  602666ms] [ERROR] Failed to load resource: net::ERR_CONNECTION_REFUSED @ http://localhost:6006/:0
[  603669ms] [ERROR] Failed to load resource: net::ERR_CONNECTION_REFUSED @ http://localhost:6006/:0
[  604672ms] [ERROR] Failed to load resource: net::ERR_CONNECTION_REFUSED @ http://localhost:6006/:0
[  605675ms] [ERROR] Failed to load resource: net::ERR_CONNECTION_REFUSED @ http://localhost:6006/:0
[  606677ms] [ERROR] Failed to load resource: net::ERR_CONNECTION_REFUSED @ http://localhost:6006/:0
[  607679ms] [ERROR] Failed to load resource: net::ERR_CONNECTION_REFUSED @ http://localhost:6006/:0
[  608682ms] [ERROR] Failed to load resource: net::ERR_CONNECTION_REFUSED @ http://localhost:6006/:0
[  609684ms] [ERROR] Failed to load resource: net::ERR_CONNECTION_REFUSED @ http://localhost:6006/:0
[  610688ms] [ERROR] Failed to load resource: net::ERR_CONNECTION_REFUSED @ http://localhost:6006/:0
[  611690ms] [ERROR] Failed to load resource: net::ERR_CONNECTION_REFUSED @ http://localhost:6006/:0
[  612693ms] [ERROR] Failed to load resource: net::ERR_CONNECTION_REFUSED @ http://localhost:6006/:0
[  613696ms] [ERROR] Failed to load resource: net::ERR_CONNECTION_REFUSED @ http://localhost:6006/:0
[  614699ms] [ERROR] Failed to load resource: net::ERR_CONNECTION_REFUSED @ http://localhost:6006/:0
[  615702ms] [ERROR] Failed to load resource: net::ERR_CONNECTION_REFUSED @ http://localhost:6006/:0
[  616705ms] [ERROR] Failed to load resource: net::ERR_CONNECTION_REFUSED @ http://localhost:6006/:0
[  617708ms] [ERROR] Failed to load resource: net::ERR_CONNECTION_REFUSED @ http://localhost:6006/:0
[  618712ms] [ERROR] Failed to load resource: net::ERR_CONNECTION_REFUSED @ http://localhost:6006/:0
[  619715ms] [ERROR] Failed to load resource: net::ERR_CONNECTION_REFUSED @ http://localhost:6006/:0
[  620719ms] [ERROR] Failed to load resource: net::ERR_CONNECTION_REFUSED @ http://localhost:6006/:0
[  621723ms] [ERROR] Failed to load resource: net::ERR_CONNECTION_REFUSED @ http://localhost:6006/:0
[  622726ms] [ERROR] Failed to load resource: net::ERR_CONNECTION_REFUSED @ http://localhost:6006/:0
[  623729ms] [ERROR] Failed to load resource: net::ERR_CONNECTION_REFUSED @ http://localhost:6006/:0
[  624733ms] [ERROR] Failed to load resource: net::ERR_CONNECTION_REFUSED @ http://localhost:6006/:0
[  625735ms] [ERROR] Failed to load resource: net::ERR_CONNECTION_REFUSED @ http://localhost:6006/:0
[  626738ms] [ERROR] Failed to load resource: net::ERR_CONNECTION_REFUSED @ http://localhost:6006/:0
[  627741ms] [ERROR] Failed to load resource: net::ERR_CONNECTION_REFUSED @ http://localhost:6006/:0
[  628745ms] [ERROR] Failed to load resource: net::ERR_CONNECTION_REFUSED @ http://localhost:6006/:0
[  629749ms] [ERROR] Failed to load resource: net::ERR_CONNECTION_REFUSED @ http://localhost:6006/:0
[  630752ms] [ERROR] Failed to load resource: net::ERR_CONNECTION_REFUSED @ http://localhost:6006/:0
[  631755ms] [ERROR] Failed to load resource: net::ERR_CONNECTION_REFUSED @ http://localhost:6006/:0
[  632758ms] [ERROR] Failed to load resource: net::ERR_CONNECTION_REFUSED @ http://localhost:6006/:0
[  633760ms] [ERROR] Failed to load resource: net::ERR_CONNECTION_REFUSED @ http://localhost:6006/:0
[  634765ms] [ERROR] Failed to load resource: net::ERR_CONNECTION_REFUSED @ http://localhost:6006/:0
[  635767ms] [ERROR] Failed to load resource: net::ERR_CONNECTION_REFUSED @ http://localhost:6006/:0
[  636772ms] [ERROR] Failed to load resource: net::ERR_CONNECTION_REFUSED @ http://localhost:6006/:0
[  637776ms] [ERROR] Failed to load resource: net::ERR_CONNECTION_REFUSED @ http://localhost:6006/:0
[  638780ms] [ERROR] Failed to load resource: net::ERR_CONNECTION_REFUSED @ http://localhost:6006/:0
[  639784ms] [ERROR] Failed to load resource: net::ERR_CONNECTION_REFUSED @ http://localhost:6006/:0
[  640787ms] [ERROR] Failed to load resource: net::ERR_CONNECTION_REFUSED @ http://localhost:6006/:0
[  641791ms] [ERROR] Failed to load resource: net::ERR_CONNECTION_REFUSED @ http://localhost:6006/:0
[  642795ms] [ERROR] Failed to load resource: net::ERR_CONNECTION_REFUSED @ http://localhost:6006/:0
[  643798ms] [ERROR] Failed to load resource: net::ERR_CONNECTION_REFUSED @ http://localhost:6006/:0
[  644802ms] [ERROR] Failed to load resource: net::ERR_CONNECTION_REFUSED @ http://localhost:6006/:0
[  645806ms] [ERROR] Failed to load resource: net::ERR_CONNECTION_REFUSED @ http://localhost:6006/:0
[  646810ms] [ERROR] Failed to load resource: net::ERR_CONNECTION_REFUSED @ http://localhost:6006/:0
[  647813ms] [ERROR] Failed to load resource: net::ERR_CONNECTION_REFUSED @ http://localhost:6006/:0
[  648816ms] [ERROR] Failed to load resource: net::ERR_CONNECTION_REFUSED @ http://localhost:6006/:0
[  649819ms] [ERROR] Failed to load resource: net::ERR_CONNECTION_REFUSED @ http://localhost:6006/:0
[  650822ms] [ERROR] Failed to load resource: net::ERR_CONNECTION_REFUSED @ http://localhost:6006/:0
[  651826ms] [ERROR] Failed to load resource: net::ERR_CONNECTION_REFUSED @ http://localhost:6006/:0
[  652830ms] [ERROR] Failed to load resource: net::ERR_CONNECTION_REFUSED @ http://localhost:6006/:0
[  653833ms] [ERROR] Failed to load resource: net::ERR_CONNECTION_REFUSED @ http://localhost:6006/:0
[  654837ms] [ERROR] Failed to load resource: net::ERR_CONNECTION_REFUSED @ http://localhost:6006/:0
[  655841ms] [ERROR] Failed to load resource: net::ERR_CONNECTION_REFUSED @ http://localhost:6006/:0
[  656845ms] [ERROR] Failed to load resource: net::ERR_CONNECTION_REFUSED @ http://localhost:6006/:0
[  657849ms] [ERROR] Failed to load resource: net::ERR_CONNECTION_REFUSED @ http://localhost:6006/:0
[  658853ms] [ERROR] Failed to load resource: net::ERR_CONNECTION_REFUSED @ http://localhost:6006/:0
[  659856ms] [ERROR] Failed to load resource: net::ERR_CONNECTION_REFUSED @ http://localhost:6006/:0
[  660859ms] [ERROR] Failed to load resource: net::ERR_CONNECTION_REFUSED @ http://localhost:6006/:0
[  661863ms] [ERROR] Failed to load resource: net::ERR_CONNECTION_REFUSED @ http://localhost:6006/:0
[  662867ms] [ERROR] Failed to load resource: net::ERR_CONNECTION_REFUSED @ http://localhost:6006/:0
[  663871ms] [ERROR] Failed to load resource: net::ERR_CONNECTION_REFUSED @ http://localhost:6006/:0
[  664873ms] [ERROR] Failed to load resource: net::ERR_CONNECTION_REFUSED @ http://localhost:6006/:0
[  665876ms] [ERROR] Failed to load resource: net::ERR_CONNECTION_REFUSED @ http://localhost:6006/:0
[  666879ms] [ERROR] Failed to load resource: net::ERR_CONNECTION_REFUSED @ http://localhost:6006/:0
[  667883ms] [ERROR] Failed to load resource: net::ERR_CONNECTION_REFUSED @ http://localhost:6006/:0
[  668886ms] [ERROR] Failed to load resource: net::ERR_CONNECTION_REFUSED @ http://localhost:6006/:0
[  669889ms] [ERROR] Failed to load resource: net::ERR_CONNECTION_REFUSED @ http://localhost:6006/:0
[  670891ms] [ERROR] Failed to load resource: net::ERR_CONNECTION_REFUSED @ http://localhost:6006/:0
[  671895ms] [ERROR] Failed to load resource: net::ERR_CONNECTION_REFUSED @ http://localhost:6006/:0
[  672899ms] [ERROR] Failed to load resource: net::ERR_CONNECTION_REFUSED @ http://localhost:6006/:0
[  673901ms] [ERROR] Failed to load resource: net::ERR_CONNECTION_REFUSED @ http://localhost:6006/:0
[  674903ms] [ERROR] Failed to load resource: net::ERR_CONNECTION_REFUSED @ http://localhost:6006/:0
[  675906ms] [ERROR] Failed to load resource: net::ERR_CONNECTION_REFUSED @ http://localhost:6006/:0
[  676910ms] [ERROR] Failed to load resource: net::ERR_CONNECTION_REFUSED @ http://localhost:6006/:0
[  677913ms] [ERROR] Failed to load resource: net::ERR_CONNECTION_REFUSED @ http://localhost:6006/:0
[  678916ms] [ERROR] Failed to load resource: net::ERR_CONNECTION_REFUSED @ http://localhost:6006/:0
[  679918ms] [ERROR] Failed to load resource: net::ERR_CONNECTION_REFUSED @ http://localhost:6006/:0
[  680921ms] [ERROR] Failed to load resource: net::ERR_CONNECTION_REFUSED @ http://localhost:6006/:0
[  681924ms] [ERROR] Failed to load resource: net::ERR_CONNECTION_REFUSED @ http://localhost:6006/:0
[  682927ms] [ERROR] Failed to load resource: net::ERR_CONNECTION_REFUSED @ http://localhost:6006/:0
[  683930ms] [ERROR] Failed to load resource: net::ERR_CONNECTION_REFUSED @ http://localhost:6006/:0
[  684934ms] [ERROR] Failed to load resource: net::ERR_CONNECTION_REFUSED @ http://localhost:6006/:0
[  685937ms] [ERROR] Failed to load resource: net::ERR_CONNECTION_REFUSED @ http://localhost:6006/:0
[  686940ms] [ERROR] Failed to load resource: net::ERR_CONNECTION_REFUSED @ http://localhost:6006/:0
[  687943ms] [ERROR] Failed to load resource: net::ERR_CONNECTION_REFUSED @ http://localhost:6006/:0
[  688947ms] [ERROR] Failed to load resource: net::ERR_CONNECTION_REFUSED @ http://localhost:6006/:0
[  689949ms] [ERROR] Failed to load resource: net::ERR_CONNECTION_REFUSED @ http://localhost:6006/:0
[  690952ms] [ERROR] Failed to load resource: net::ERR_CONNECTION_REFUSED @ http://localhost:6006/:0
[  691956ms] [ERROR] Failed to load resource: net::ERR_CONNECTION_REFUSED @ http://localhost:6006/:0
[  692959ms] [ERROR] Failed to load resource: net::ERR_CONNECTION_REFUSED @ http://localhost:6006/:0
[  693962ms] [ERROR] Failed to load resource: net::ERR_CONNECTION_REFUSED @ http://localhost:6006/:0
[  694965ms] [ERROR] Failed to load resource: net::ERR_CONNECTION_REFUSED @ http://localhost:6006/:0
[  695967ms] [ERROR] Failed to load resource: net::ERR_CONNECTION_REFUSED @ http://localhost:6006/:0
[  696970ms] [ERROR] Failed to load resource: net::ERR_CONNECTION_REFUSED @ http://localhost:6006/:0
[  697974ms] [ERROR] Failed to load resource: net::ERR_CONNECTION_REFUSED @ http://localhost:6006/:0
[  698977ms] [ERROR] Failed to load resource: net::ERR_CONNECTION_REFUSED @ http://localhost:6006/:0
[  699979ms] [ERROR] Failed to load resource: net::ERR_CONNECTION_REFUSED @ http://localhost:6006/:0
[  700981ms] [ERROR] Failed to load resource: net::ERR_CONNECTION_REFUSED @ http://localhost:6006/:0
[  701983ms] [ERROR] Failed to load resource: net::ERR_CONNECTION_REFUSED @ http://localhost:6006/:0
[  702985ms] [ERROR] Failed to load resource: net::ERR_CONNECTION_REFUSED @ http://localhost:6006/:0
[  703989ms] [ERROR] Failed to load resource: net::ERR_CONNECTION_REFUSED @ http://localhost:6006/:0
[  704993ms] [ERROR] Failed to load resource: net::ERR_CONNECTION_REFUSED @ http://localhost:6006/:0
[  705995ms] [ERROR] Failed to load resource: net::ERR_CONNECTION_REFUSED @ http://localhost:6006/:0
[  706998ms] [ERROR] Failed to load resource: net::ERR_CONNECTION_REFUSED @ http://localhost:6006/:0
[  708003ms] [ERROR] Failed to load resource: net::ERR_CONNECTION_REFUSED @ http://localhost:6006/:0
[  709005ms] [ERROR] Failed to load resource: net::ERR_CONNECTION_REFUSED @ http://localhost:6006/:0
[  710008ms] [ERROR] Failed to load resource: net::ERR_CONNECTION_REFUSED @ http://localhost:6006/:0
[  711012ms] [ERROR] Failed to load resource: net::ERR_CONNECTION_REFUSED @ http://localhost:6006/:0
[  712014ms] [ERROR] Failed to load resource: net::ERR_CONNECTION_REFUSED @ http://localhost:6006/:0
[  713017ms] [ERROR] Failed to load resource: net::ERR_CONNECTION_REFUSED @ http://localhost:6006/:0
[  714021ms] [ERROR] Failed to load resource: net::ERR_CONNECTION_REFUSED @ http://localhost:6006/:0
[  715023ms] [ERROR] Failed to load resource: net::ERR_CONNECTION_REFUSED @ http://localhost:6006/:0
[  716026ms] [ERROR] Failed to load resource: net::ERR_CONNECTION_REFUSED @ http://localhost:6006/:0
[  717029ms] [ERROR] Failed to load resource: net::ERR_CONNECTION_REFUSED @ http://localhost:6006/:0
[  718032ms] [ERROR] Failed to load resource: net::ERR_CONNECTION_REFUSED @ http://localhost:6006/:0
[  719036ms] [ERROR] Failed to load resource: net::ERR_CONNECTION_REFUSED @ http://localhost:6006/:0
[  720038ms] [ERROR] Failed to load resource: net::ERR_CONNECTION_REFUSED @ http://localhost:6006/:0
[  721041ms] [ERROR] Failed to load resource: net::ERR_CONNECTION_REFUSED @ http://localhost:6006/:0
[  722043ms] [ERROR] Failed to load resource: net::ERR_CONNECTION_REFUSED @ http://localhost:6006/:0
[  723045ms] [ERROR] Failed to load resource: net::ERR_CONNECTION_REFUSED @ http://localhost:6006/:0
[  724047ms] [ERROR] Failed to load resource: net::ERR_CONNECTION_REFUSED @ http://localhost:6006/:0
[  725050ms] [ERROR] Failed to load resource: net::ERR_CONNECTION_REFUSED @ http://localhost:6006/:0
[  726052ms] [ERROR] Failed to load resource: net::ERR_CONNECTION_REFUSED @ http://localhost:6006/:0
[  727055ms] [ERROR] Failed to load resource: net::ERR_CONNECTION_REFUSED @ http://localhost:6006/:0
[  728059ms] [ERROR] Failed to load resource: net::ERR_CONNECTION_REFUSED @ http://localhost:6006/:0
[  729063ms] [ERROR] Failed to load resource: net::ERR_CONNECTION_REFUSED @ http://localhost:6006/:0
[  730066ms] [ERROR] Failed to load resource: net::ERR_CONNECTION_REFUSED @ http://localhost:6006/:0
[  731069ms] [ERROR] Failed to load resource: net::ERR_CONNECTION_REFUSED @ http://localhost:6006/:0
[  732073ms] [ERROR] Failed to load resource: net::ERR_CONNECTION_REFUSED @ http://localhost:6006/:0
[  733076ms] [ERROR] Failed to load resource: net::ERR_CONNECTION_REFUSED @ http://localhost:6006/:0
[  734078ms] [ERROR] Failed to load resource: net::ERR_CONNECTION_REFUSED @ http://localhost:6006/:0
[  735081ms] [ERROR] Failed to load resource: net::ERR_CONNECTION_REFUSED @ http://localhost:6006/:0
[  736084ms] [ERROR] Failed to load resource: net::ERR_CONNECTION_REFUSED @ http://localhost:6006/:0
[  737086ms] [ERROR] Failed to load resource: net::ERR_CONNECTION_REFUSED @ http://localhost:6006/:0
[  738090ms] [ERROR] Failed to load resource: net::ERR_CONNECTION_REFUSED @ http://localhost:6006/:0
[  739092ms] [ERROR] Failed to load resource: net::ERR_CONNECTION_REFUSED @ http://localhost:6006/:0
[  740095ms] [ERROR] Failed to load resource: net::ERR_CONNECTION_REFUSED @ http://localhost:6006/:0
[  741097ms] [ERROR] Failed to load resource: net::ERR_CONNECTION_REFUSED @ http://localhost:6006/:0
[  742101ms] [ERROR] Failed to load resource: net::ERR_CONNECTION_REFUSED @ http://localhost:6006/:0
[  743104ms] [ERROR] Failed to load resource: net::ERR_CONNECTION_REFUSED @ http://localhost:6006/:0
[  744106ms] [ERROR] Failed to load resource: net::ERR_CONNECTION_REFUSED @ http://localhost:6006/:0
[  745109ms] [ERROR] Failed to load resource: net::ERR_CONNECTION_REFUSED @ http://localhost:6006/:0
[  746112ms] [ERROR] Failed to load resource: net::ERR_CONNECTION_REFUSED @ http://localhost:6006/:0
[  747116ms] [ERROR] Failed to load resource: net::ERR_CONNECTION_REFUSED @ http://localhost:6006/:0
[  748120ms] [ERROR] Failed to load resource: net::ERR_CONNECTION_REFUSED @ http://localhost:6006/:0
[  749123ms] [ERROR] Failed to load resource: net::ERR_CONNECTION_REFUSED @ http://localhost:6006/:0
[  750126ms] [ERROR] Failed to load resource: net::ERR_CONNECTION_REFUSED @ http://localhost:6006/:0
[  751130ms] [ERROR] Failed to load resource: net::ERR_CONNECTION_REFUSED @ http://localhost:6006/:0
[  752132ms] [ERROR] Failed to load resource: net::ERR_CONNECTION_REFUSED @ http://localhost:6006/:0
[  753136ms] [ERROR] Failed to load resource: net::ERR_CONNECTION_REFUSED @ http://localhost:6006/:0
[  754140ms] [ERROR] Failed to load resource: net::ERR_CONNECTION_REFUSED @ http://localhost:6006/:0
[  755144ms] [ERROR] Failed to load resource: net::ERR_CONNECTION_REFUSED @ http://localhost:6006/:0
[  756146ms] [ERROR] Failed to load resource: net::ERR_CONNECTION_REFUSED @ http://localhost:6006/:0
[  757150ms] [ERROR] Failed to load resource: net::ERR_CONNECTION_REFUSED @ http://localhost:6006/:0
[  758153ms] [ERROR] Failed to load resource: net::ERR_CONNECTION_REFUSED @ http://localhost:6006/:0
[  759156ms] [ERROR] Failed to load resource: net::ERR_CONNECTION_REFUSED @ http://localhost:6006/:0
[  760415ms] [ERROR] SB_PREVIEW_API_0009 (NoStoryMatchError): Couldn't find story matching 'issuesource-jqltextarea--default'.

- Are you sure a story with that id exists?
- Please check your stories field of your main.js config.
- Also check the browser console and terminal for error messages.
    at PreviewWeb.selectSpecifiedStory (http://localhost:6006/node_modules/.cache/storybook/10.4.6/1c3385a5d25e538d10b518b310c74d3ca2690b6aaffeadccd74da79736171f86/sb-vite/deps/storybook_internal_preview_runtime.js?v=f84cf063:34429:9)
    at PreviewWeb.initializeWithStoryIndex (http://localhost:6006/node_modules/.cache/storybook/10.4.6/1c3385a5d25e538d10b518b310c74d3ca2690b6aaffeadccd74da79736171f86/sb-vite/deps/storybook_internal_preview_runtime.js?v=f84cf063:34409:67) @ http://localhost:6006/node_modules/.cache/storybook/10.4.6/1c3385a5d25e538d10b518b310c74d3ca2690b6aaffeadccd74da79736171f86/sb-vite/deps/storybook_internal_preview_runtime.js?v=f84cf063:11768
