[     316ms] [INFO] %cDownload the React DevTools for a better development experience: https://reactjs.org/link/react-devtools font-weight:bold @ http://localhost:5173/node_modules/.vite/deps/chunk-YPJU3Z5G.js?v=712107f6:21550
[     334ms] [WARNING] Multiple versions of FeatureGateClients found on the current page.
      The currently bound version is 4.23.4 when module version 6.0.0 was loading. @ http://localhost:5173/node_modules/.vite/deps/chunk-YTUY4UQH.js?v=712107f6:6739
[     335ms] [WARNING] Multiple versions of FeatureGateClients found on the current page.
      The currently bound version is 4.23.4 when module version 6.0.0 was loading. @ http://localhost:5173/node_modules/.vite/deps/chunk-3B2GGDK4.js?v=712107f6:6730
[     338ms] [WARNING] Multiple versions of FeatureGateClients found on the current page.
      The currently bound version is 4.23.4 when module version 6.0.0 was loading. @ http://localhost:5173/node_modules/.vite/deps/chunk-VWH54LXF.js?v=712107f6:15442
[     341ms] [WARNING] Multiple versions of FeatureGateClients found on the current page.
      The currently bound version is 4.23.4 when module version 6.0.0 was loading. @ http://localhost:5173/node_modules/.vite/deps/chunk-VWH54LXF.js?v=712107f6:23639
[     345ms] [WARNING] Multiple versions of FeatureGateClients found on the current page.
      The currently bound version is 4.23.4 when module version 6.0.0 was loading. @ http://localhost:5173/node_modules/.vite/deps/chunk-RMG47GZK.js?v=712107f6:6733
[     347ms] [WARNING] Multiple versions of FeatureGateClients found on the current page.
      The currently bound version is 4.23.4 when module version 6.0.0 was loading. @ http://localhost:5173/node_modules/.vite/deps/chunk-A2HID6DE.js?v=712107f6:9588
[     354ms] [WARNING] Multiple versions of FeatureGateClients found on the current page.
      The currently bound version is 4.23.4 when module version 6.0.0 was loading. @ http://localhost:5173/node_modules/.vite/deps/chunk-4BYH4F5H.js?v=712107f6:16770
[     356ms] [WARNING] Multiple versions of FeatureGateClients found on the current page.
      The currently bound version is 4.23.4 when module version 6.0.0 was loading. @ http://localhost:5173/node_modules/.vite/deps/chunk-Y6U3TWRI.js?v=712107f6:6739
[     359ms] [WARNING] Multiple versions of FeatureGateClients found on the current page.
      The currently bound version is 4.23.4 when module version 6.0.0 was loading. @ http://localhost:5173/node_modules/.vite/deps/chunk-BAIIXBRJ.js?v=712107f6:6730
[     361ms] [WARNING] Multiple versions of FeatureGateClients found on the current page.
      The currently bound version is 4.23.4 when module version 6.0.0 was loading. @ http://localhost:5173/node_modules/.vite/deps/chunk-MMW57CFL.js?v=712107f6:7024
[     375ms] [WARNING] Multiple versions of FeatureGateClients found on the current page.
      The currently bound version is 4.23.4 when module version 6.0.0 was loading. @ http://localhost:5173/node_modules/.vite/deps/chunk-KHIOGCT2.js?v=712107f6:60607
[     378ms] [WARNING] Multiple versions of FeatureGateClients found on the current page.
      The currently bound version is 4.23.4 when module version 6.0.0 was loading. @ http://localhost:5173/node_modules/.vite/deps/chunk-KHIOGCT2.js?v=712107f6:66549
[     383ms] [WARNING] Multiple versions of FeatureGateClients found on the current page.
      The currently bound version is 4.23.4 when module version 6.0.0 was loading. @ http://localhost:5173/node_modules/.vite/deps/chunk-KHIOGCT2.js?v=712107f6:78827
[     392ms] [WARNING] Multiple versions of FeatureGateClients found on the current page.
      The currently bound version is 4.23.4 when module version 6.0.0 was loading. @ http://localhost:5173/node_modules/.vite/deps/@atlaskit_jql-editor-autocomplete-rest.js?v=712107f6:9614
[     402ms] [WARNING] Multiple versions of FeatureGateClients found on the current page.
      The currently bound version is 4.23.4 when module version 0.0.0-development was loading. @ http://localhost:5173/node_modules/.vite/deps/chunk-QV3CVYTN.js?v=712107f6:7761
[     405ms] [LOG] Loaded version of the Timeline Reporter: undefined @ http://localhost:5173/src/shared/main-helper.js?t=1784683798923:36
[     454ms] [WARNING] Can't find status 10043 QA @ http://localhost:5173/src/jira/raw/rollback/rollback.ts:76
[     454ms] [WARNING] Can't find status 10043 QA @ http://localhost:5173/src/jira/raw/rollback/rollback.ts:76
[     454ms] [WARNING] Can't find status 10043 QA @ http://localhost:5173/src/jira/raw/rollback/rollback.ts:76
[     454ms] [WARNING] Can't find status 10040 Validating @ http://localhost:5173/src/jira/raw/rollback/rollback.ts:76
[     454ms] [WARNING] Can't find status 10038 Refinement @ http://localhost:5173/src/jira/raw/rollback/rollback.ts:76
[     455ms] [WARNING] Can't find sprint  1 PMT Sprint 1 @ http://localhost:5173/src/jira/raw/rollback/rollback.ts:32
[     455ms] [WARNING] Can't find sprint  1 PMT Sprint 1 @ http://localhost:5173/src/jira/raw/rollback/rollback.ts:32
[     456ms] [WARNING] Can't find status 10043 QA @ http://localhost:5173/src/jira/raw/rollback/rollback.ts:76
[     456ms] [WARNING] Can't find status 10043 QA @ http://localhost:5173/src/jira/raw/rollback/rollback.ts:76
[     456ms] [WARNING] Can't find status 10043 QA @ http://localhost:5173/src/jira/raw/rollback/rollback.ts:76
[     456ms] [WARNING] Can't find status 10040 Validating @ http://localhost:5173/src/jira/raw/rollback/rollback.ts:76
[     456ms] [WARNING] Can't find status 10038 Refinement @ http://localhost:5173/src/jira/raw/rollback/rollback.ts:76
[     456ms] [WARNING] Can't find sprint  1 PMT Sprint 1 @ http://localhost:5173/src/jira/raw/rollback/rollback.ts:32
[     456ms] [WARNING] Can't find sprint  1 PMT Sprint 1 @ http://localhost:5173/src/jira/raw/rollback/rollback.ts:32
[     485ms] [WARNING] For security reasons, Hotjar only works over HTTPS. Learn more: https://help.hotjar.com/hc/en-us/articles/115011624047 @ https://static.hotjar.com/c/hotjar-5105449.js?sv=7:2
[     538ms] [ERROR] Failed to load resource: the server responded with a status of 401 () @ https://api.atlassian.com/oauth/token/accessible-resources:0
[     538ms] [WARNING] Error: Unauthorized
    at http://localhost:5173/src/utils/fetch/response-to-json.ts:4:19
    at async http://localhost:5173/src/request-helpers/hosted-request-helper.js:69:24 @ :0
[    1322ms] [LOG] Feature Flags {historicallyAdjustedEstimates: false, logReportData: false, devConfigurationIssue: null, historicallyAdjustedEstimates read details: undefined, historicallyAdjustedEstimates toggle value: undefined} @ http://localhost:5173/src/shared/feature-flag.js:39
[   10068ms] [LOG] [web-vitals] Sending metrics triggered by: timeout {metric:fcp: 92, metric:ttfb: 7} @ https://connect-cdn.atl-paas.net/all.js:415
